Base path: 'C:/Program Files/Unity/Hub/Editor/2019.2.17f1/Editor/Data', plugins path 'C:/Program Files/Unity/Hub/Editor/2019.2.17f1/Editor/Data/PlaybackEngines'
Cmd: initializeCompiler
Cmd: compileComputeKernel
  api=4 insize=3070 outsize=47803 ok=1
Cmd: compileComputeKernel
  api=18 insize=10881 outsize=40156 ok=1
Cmd: compileComputeKernel
  api=4 insize=4855 outsize=3708 ok=1
Cmd: compileComputeKernel
  api=4 insize=18299 outsize=8738 ok=1
Cmd: compileComputeKernel
  api=4 insize=18299 outsize=10338 ok=1
Cmd: compileComputeKernel
  api=18 insize=5435 outsize=24993 ok=1
Cmd: compileComputeKernel
  api=18 insize=3072 outsize=5660 ok=1
Cmd: compileComputeKernel
  api=18 insize=1806 outsize=4965 ok=1
Cmd: compileComputeKernel
  api=18 insize=1454 outsize=5255 ok=1
Cmd: compileComputeKernel
  api=18 insize=2044 outsize=4125 ok=1
Cmd: compileSnippet
  api=4 type=1 insize=2378 outsize=3022 kw=_ADDITIONAL_LIGHTS _MAIN_LIGHT_SHADOWS _ALPHATEST_ON _SMOOTHNESS_TEXTURE_ALBEDO_CHANNEL_A _SPECULARHIGHLIGHTS_OFF _ENVIRONMENTREFLECTIONS_OFF pd=UNITY_NO_DXT5nm UNITY_ENABLE_REFLECTION_BUFFERS UNITY_NO_CUBEMAP_ARRAY UNITY_NO_SCREENSPACE_SHADOWS UNITY_PBS_USE_BRDF2 SHADER_API_DESKTOP UNITY_HARDWARE_TIER3 UNITY_COLORSPACE_GAMMA UNITY_LIGHTMAP_DLDR_ENCODING ok=1
